{"/Users/jacker/workspace/blog-reactapp/src/app.tsx": {"path":"/Users/jacker/workspace/blog-reactapp/src/app.tsx","statementMap":{"0":{"start":{"line":25,"column":12},"end":{"line":37,"column":1}},"1":{"start":{"line":26,"column":4},"end":{"line":36,"column":5}}},"fnMap":{"0":{"name":"(anonymous_0)","decl":{"start":{"line":25,"column":12},"end":{"line":25,"column":13}},"loc":{"start":{"line":25,"column":18},"end":{"line":37,"column":1}},"line":25}},"branchMap":{},"s":{"0":1,"1":1},"f":{"0":1},"b":{},"_coverageSchema":"1a1c01bbd47fc00a2c39e90264f33305004495a9","hash":"98d5a01be90de60b1b778853ba80ec37ec4a5b78"}
,"/Users/jacker/workspace/blog-reactapp/src/router/config.tsx": {"path":"/Users/jacker/workspace/blog-reactapp/src/router/config.tsx","statementMap":{"0":{"start":{"line":7,"column":30},"end":{"line":18,"column":1}},"1":{"start":{"line":11,"column":34},"end":{"line":11,"column":52}},"2":{"start":{"line":16,"column":34},"end":{"line":16,"column":60}}},"fnMap":{"0":{"name":"(anonymous_0)","decl":{"start":{"line":11,"column":28},"end":{"line":11,"column":29}},"loc":{"start":{"line":11,"column":34},"end":{"line":11,"column":52}},"line":11},"1":{"name":"(anonymous_1)","decl":{"start":{"line":16,"column":28},"end":{"line":16,"column":29}},"loc":{"start":{"line":16,"column":34},"end":{"line":16,"column":60}},"line":16}},"branchMap":{},"s":{"0":1,"1":0,"2":0},"f":{"0":0,"1":0},"b":{},"_coverageSchema":"1a1c01bbd47fc00a2c39e90264f33305004495a9","hash":"0644cd39ec7d17b8ca2da7177406783ad5260468"}
,"/Users/jacker/workspace/blog-reactapp/src/router/index.tsx": {"path":"/Users/jacker/workspace/blog-reactapp/src/router/index.tsx","statementMap":{"0":{"start":{"line":19,"column":12},"end":{"line":19,"column":17}},"1":{"start":{"line":20,"column":8},"end":{"line":29,"column":9}}},"fnMap":{"0":{"name":"(anonymous_0)","decl":{"start":{"line":14,"column":16},"end":{"line":14,"column":17}},"loc":{"start":{"line":14,"column":40},"end":{"line":30,"column":5}},"line":14}},"branchMap":{},"s":{"0":2,"1":2},"f":{"0":2},"b":{},"_coverageSchema":"1a1c01bbd47fc00a2c39e90264f33305004495a9","hash":"a42aa5d2b19c6665e935ef73ae5ac5c41b81156b"}
,"/Users/jacker/workspace/blog-reactapp/src/router/lazy.tsx": {"path":"/Users/jacker/workspace/blog-reactapp/src/router/lazy.tsx","statementMap":{"0":{"start":{"line":10,"column":24},"end":{"line":12,"column":1}},"1":{"start":{"line":14,"column":17},"end":{"line":31,"column":1}},"2":{"start":{"line":15,"column":4},"end":{"line":30,"column":5}},"3":{"start":{"line":19,"column":12},"end":{"line":19,"column":31}},"4":{"start":{"line":21,"column":23},"end":{"line":25,"column":9}},"5":{"start":{"line":22,"column":12},"end":{"line":24,"column":14}},"6":{"start":{"line":23,"column":16},"end":{"line":23,"column":46}},"7":{"start":{"line":27,"column":8},"end":{"line":27,"column":30}},"8":{"start":{"line":29,"column":8},"end":{"line":29,"column":55}}},"fnMap":{"0":{"name":"(anonymous_0)","decl":{"start":{"line":14,"column":17},"end":{"line":14,"column":18}},"loc":{"start":{"line":14,"column":39},"end":{"line":31,"column":1}},"line":14},"1":{"name":"(anonymous_1)","decl":{"start":{"line":15,"column":11},"end":{"line":15,"column":12}},"loc":{"start":{"line":15,"column":27},"end":{"line":30,"column":5}},"line":15},"2":{"name":"(anonymous_2)","decl":{"start":{"line":21,"column":23},"end":{"line":21,"column":24}},"loc":{"start":{"line":21,"column":29},"end":{"line":25,"column":9}},"line":21},"3":{"name":"(anonymous_3)","decl":{"start":{"line":22,"column":26},"end":{"line":22,"column":27}},"loc":{"start":{"line":22,"column":41},"end":{"line":24,"column":13}},"line":22}},"branchMap":{"0":{"loc":{"start":{"line":29,"column":15},"end":{"line":29,"column":54}},"type":"binary-expr","locations":[{"start":{"line":29,"column":15},"end":{"line":29,"column":25}},{"start":{"line":29,"column":29},"end":{"line":29,"column":54}}],"line":29}},"s":{"0":1,"1":1,"2":2,"3":1,"4":1,"5":0,"6":0,"7":1,"8":1},"f":{"0":2,"1":1,"2":0,"3":0},"b":{"0":[1,0]},"_coverageSchema":"1a1c01bbd47fc00a2c39e90264f33305004495a9","hash":"edf0e679327c993debe5f5eec2c1a50094c06f88"}
,"/Users/jacker/workspace/blog-reactapp/src/state/index.ts": {"path":"/Users/jacker/workspace/blog-reactapp/src/state/index.ts","statementMap":{"0":{"start":{"line":17,"column":25},"end":{"line":17,"column":60}},"1":{"start":{"line":19,"column":13},"end":{"line":23,"column":1}},"2":{"start":{"line":25,"column":14},"end":{"line":27,"column":1}},"3":{"start":{"line":29,"column":23},"end":{"line":29,"column":42}}},"fnMap":{},"branchMap":{},"s":{"0":1,"1":1,"2":1,"3":1},"f":{},"b":{},"_coverageSchema":"1a1c01bbd47fc00a2c39e90264f33305004495a9","hash":"23f0b4b3a69cb729212f0c456838f579ad58d0fd"}
,"/Users/jacker/workspace/blog-reactapp/src/state/reducer/history.ts": {"path":"/Users/jacker/workspace/blog-reactapp/src/state/reducer/history.ts","statementMap":{"0":{"start":{"line":17,"column":29},"end":{"line":19,"column":1}},"1":{"start":{"line":26,"column":8},"end":{"line":26,"column":14}},"2":{"start":{"line":28,"column":4},"end":{"line":41,"column":5}},"3":{"start":{"line":32,"column":16},"end":{"line":32,"column":21}},"4":{"start":{"line":34,"column":12},"end":{"line":34,"column":41}},"5":{"start":{"line":36,"column":12},"end":{"line":39,"column":13}},"6":{"start":{"line":43,"column":4},"end":{"line":43,"column":17}}},"fnMap":{"0":{"name":"(anonymous_0)","decl":{"start":{"line":21,"column":15},"end":{"line":21,"column":16}},"loc":{"start":{"line":21,"column":66},"end":{"line":44,"column":1}},"line":21}},"branchMap":{"0":{"loc":{"start":{"line":21,"column":16},"end":{"line":21,"column":44}},"type":"default-arg","locations":[{"start":{"line":21,"column":35},"end":{"line":21,"column":44}}],"line":21},"1":{"loc":{"start":{"line":28,"column":4},"end":{"line":41,"column":5}},"type":"switch","locations":[{"start":{"line":29,"column":8},"end":{"line":40,"column":9}}],"line":28}},"s":{"0":1,"1":5,"2":5,"3":0,"4":0,"5":0,"6":5},"f":{"0":5},"b":{"0":[3],"1":[0]},"_coverageSchema":"1a1c01bbd47fc00a2c39e90264f33305004495a9","hash":"a2fa6618154b8540d5fd2efec04a0ab9445f8d87"}
,"/Users/jacker/workspace/blog-reactapp/src/state/reducer/index.ts": {"path":"/Users/jacker/workspace/blog-reactapp/src/state/reducer/index.ts","statementMap":{},"fnMap":{},"branchMap":{},"s":{},"f":{},"b":{},"_coverageSchema":"1a1c01bbd47fc00a2c39e90264f33305004495a9","hash":"77088b82e23bca31f51faabdf7331c11b879b8a3"}
,"/Users/jacker/workspace/blog-reactapp/src/state/types/history.ts": {"path":"/Users/jacker/workspace/blog-reactapp/src/state/types/history.ts","statementMap":{"0":{"start":{"line":1,"column":27},"end":{"line":1,"column":42}}},"fnMap":{},"branchMap":{},"s":{"0":1},"f":{},"b":{},"_coverageSchema":"1a1c01bbd47fc00a2c39e90264f33305004495a9","hash":"297388cd268f18d5cac86b5e1780bf2dae0e4a26"}
}
