TN:
SF:src/app.tsx
FN:25,(anonymous_0)
FNF:1
FNH:1
FNDA:1,(anonymous_0)
DA:25,1
DA:26,1
LF:2
LH:2
BRF:0
BRH:0
end_of_record
TN:
SF:src/router/config.tsx
FN:11,(anonymous_0)
FN:16,(anonymous_1)
FNF:2
FNH:0
FNDA:0,(anonymous_0)
FNDA:0,(anonymous_1)
DA:7,1
DA:11,0
DA:16,0
LF:3
LH:1
BRF:0
BRH:0
end_of_record
TN:
SF:src/router/index.tsx
FN:14,(anonymous_0)
FNF:1
FNH:1
FNDA:2,(anonymous_0)
DA:19,2
DA:20,2
LF:2
LH:2
BRF:0
BRH:0
end_of_record
TN:
SF:src/router/lazy.tsx
FN:14,(anonymous_0)
FN:15,(anonymous_1)
FN:21,(anonymous_2)
FN:22,(anonymous_3)
FNF:4
FNH:2
FNDA:2,(anonymous_0)
FNDA:1,(anonymous_1)
FNDA:0,(anonymous_2)
FNDA:0,(anonymous_3)
DA:10,1
DA:14,1
DA:15,2
DA:19,1
DA:21,1
DA:22,0
DA:23,0
DA:27,1
DA:29,1
LF:9
LH:7
BRDA:29,0,0,1
BRDA:29,0,1,0
BRF:2
BRH:1
end_of_record
TN:
SF:src/state/index.ts
FNF:0
FNH:0
DA:17,1
DA:19,1
DA:25,1
DA:29,1
LF:4
LH:4
BRF:0
BRH:0
end_of_record
TN:
SF:src/state/reducer/history.ts
FN:21,(anonymous_0)
FNF:1
FNH:1
FNDA:5,(anonymous_0)
DA:17,1
DA:26,5
DA:28,5
DA:32,0
DA:34,0
DA:36,0
DA:43,5
LF:7
LH:4
BRDA:21,0,0,3
BRDA:28,1,0,0
BRF:2
BRH:1
end_of_record
TN:
SF:src/state/reducer/index.ts
FNF:0
FNH:0
LF:0
LH:0
BRF:0
BRH:0
end_of_record
TN:
SF:src/state/types/history.ts
FNF:0
FNH:0
DA:1,1
LF:1
LH:1
BRF:0
BRH:0
end_of_record
